[INFO] Scanning for projects...
[INFO] 
[INFO] --------------------< com.campus:secondhand-trade >---------------------
[INFO] Building secondhand-trade 0.0.1-SNAPSHOT
[INFO]   from pom.xml
[INFO] --------------------------------[ jar ]---------------------------------
[INFO] 
[INFO] >>> spring-boot:3.3.2:run (default-cli) > test-compile @ secondhand-trade >>>
[INFO] 
[INFO] --- resources:3.3.1:resources (default-resources) @ secondhand-trade ---
[INFO] Copying 1 resource from src/main/resources to target/classes
[INFO] Copying 0 resource from src/main/resources to target/classes
[INFO] 
[INFO] --- compiler:3.13.0:compile (default-compile) @ secondhand-trade ---
[INFO] Nothing to compile - all classes are up to date.
[INFO] 
[INFO] --- resources:3.3.1:testResources (default-testResources) @ secondhand-trade ---
[INFO] skip non existing resourceDirectory /Users/kangjing/Desktop/基于Spring Boot的校园二手交易平台/code/src/test/resources
[INFO] 
[INFO] --- compiler:3.13.0:testCompile (default-testCompile) @ secondhand-trade ---
[INFO] Nothing to compile - all classes are up to date.
[INFO] 
[INFO] <<< spring-boot:3.3.2:run (default-cli) < test-compile @ secondhand-trade <<<
[INFO] 
[INFO] 
[INFO] --- spring-boot:3.3.2:run (default-cli) @ secondhand-trade ---
[INFO] Attaching agents: []

  .   ____          _            __ _ _
 /\\ / ___'_ __ _ _(_)_ __  __ _ \ \ \ \
( ( )\___ | '_ | '_| | '_ \/ _` | \ \ \ \
 \\/  ___)| |_)| | | | | || (_| |  ) ) ) )
  '  |____| .__|_| |_|_| |_\__, | / / / /
 =========|_|==============|___/=/_/_/_/

 :: Spring Boot ::                (v3.3.2)

2026-03-29T17:46:42.598+08:00  INFO 43446 --- [secondhand-trade] [           main] c.campus.trade.CampusTradeApplication    : Starting CampusTradeApplication using Java 17.0.18 with PID 43446 (/Users/kangjing/Desktop/基于Spring Boot的校园二手交易平台/code/target/classes started by kangjing in /Users/kangjing/Desktop/基于Spring Boot的校园二手交易平台/code)
2026-03-29T17:46:42.599+08:00  INFO 43446 --- [secondhand-trade] [           main] c.campus.trade.CampusTradeApplication    : No active profile set, falling back to 1 default profile: "default"
2026-03-29T17:46:42.913+08:00  INFO 43446 --- [secondhand-trade] [           main] .s.d.r.c.RepositoryConfigurationDelegate : Multiple Spring Data modules found, entering strict repository configuration mode
2026-03-29T17:46:42.914+08:00  INFO 43446 --- [secondhand-trade] [           main] .s.d.r.c.RepositoryConfigurationDelegate : Bootstrapping Spring Data JPA repositories in DEFAULT mode.
2026-03-29T17:46:42.970+08:00  INFO 43446 --- [secondhand-trade] [           main] .s.d.r.c.RepositoryConfigurationDelegate : Finished Spring Data repository scanning in 54 ms. Found 6 JPA repository interfaces.
2026-03-29T17:46:42.976+08:00  INFO 43446 --- [secondhand-trade] [           main] .s.d.r.c.RepositoryConfigurationDelegate : Multiple Spring Data modules found, entering strict repository configuration mode
2026-03-29T17:46:42.976+08:00  INFO 43446 --- [secondhand-trade] [           main] .s.d.r.c.RepositoryConfigurationDelegate : Bootstrapping Spring Data Redis repositories in DEFAULT mode.
2026-03-29T17:46:42.982+08:00  INFO 43446 --- [secondhand-trade] [           main] .RepositoryConfigurationExtensionSupport : Spring Data Redis - Could not safely identify store assignment for repository candidate interface com.campus.trade.repository.ChatMessageRepository; If you want this repository to be a Redis repository, consider annotating your entities with one of these annotations: org.springframework.data.redis.core.RedisHash (preferred), or consider extending one of the following types with your repository: org.springframework.data.keyvalue.repository.KeyValueRepository
2026-03-29T17:46:42.982+08:00  INFO 43446 --- [secondhand-trade] [           main] .RepositoryConfigurationExtensionSupport : Spring Data Redis - Could not safely identify store assignment for repository candidate interface com.campus.trade.repository.ItemRepository; If you want this repository to be a Redis repository, consider annotating your entities with one of these annotations: org.springframework.data.redis.core.RedisHash (preferred), or consider extending one of the following types with your repository: org.springframework.data.keyvalue.repository.KeyValueRepository
2026-03-29T17:46:42.982+08:00  INFO 43446 --- [secondhand-trade] [           main] .RepositoryConfigurationExtensionSupport : Spring Data Redis - Could not safely identify store assignment for repository candidate interface com.campus.trade.repository.ReportRepository; If you want this repository to be a Redis repository, consider annotating your entities with one of these annotations: org.springframework.data.redis.core.RedisHash (preferred), or consider extending one of the following types with your repository: org.springframework.data.keyvalue.repository.KeyValueRepository
2026-03-29T17:46:42.982+08:00  INFO 43446 --- [secondhand-trade] [           main] .RepositoryConfigurationExtensionSupport : Spring Data Redis - Could not safely identify store assignment for repository candidate interface com.campus.trade.repository.ReviewRepository; If you want this repository to be a Redis repository, consider annotating your entities with one of these annotations: org.springframework.data.redis.core.RedisHash (preferred), or consider extending one of the following types with your repository: org.springframework.data.keyvalue.repository.KeyValueRepository
2026-03-29T17:46:42.982+08:00  INFO 43446 --- [secondhand-trade] [           main] .RepositoryConfigurationExtensionSupport : Spring Data Redis - Could not safely identify store assignment for repository candidate interface com.campus.trade.repository.TradeOrderRepository; If you want this repository to be a Redis repository, consider annotating your entities with one of these annotations: org.springframework.data.redis.core.RedisHash (preferred), or consider extending one of the following types with your repository: org.springframework.data.keyvalue.repository.KeyValueRepository
2026-03-29T17:46:42.982+08:00  INFO 43446 --- [secondhand-trade] [           main] .RepositoryConfigurationExtensionSupport : Spring Data Redis - Could not safely identify store assignment for repository candidate interface com.campus.trade.repository.UserRepository; If you want this repository to be a Redis repository, consider annotating your entities with one of these annotations: org.springframework.data.redis.core.RedisHash (preferred), or consider extending one of the following types with your repository: org.springframework.data.keyvalue.repository.KeyValueRepository
2026-03-29T17:46:42.982+08:00  INFO 43446 --- [secondhand-trade] [           main] .s.d.r.c.RepositoryConfigurationDelegate : Finished Spring Data repository scanning in 3 ms. Found 0 Redis repository interfaces.
2026-03-29T17:46:43.258+08:00  INFO 43446 --- [secondhand-trade] [           main] o.s.b.w.embedded.tomcat.TomcatWebServer  : Tomcat initialized with port 8081 (http)
2026-03-29T17:46:43.262+08:00  INFO 43446 --- [secondhand-trade] [           main] o.apache.catalina.core.StandardService   : Starting service [Tomcat]
2026-03-29T17:46:43.262+08:00  INFO 43446 --- [secondhand-trade] [           main] o.apache.catalina.core.StandardEngine    : Starting Servlet engine: [Apache Tomcat/10.1.26]
2026-03-29T17:46:43.290+08:00  INFO 43446 --- [secondhand-trade] [           main] o.a.c.c.C.[Tomcat].[localhost].[/]       : Initializing Spring embedded WebApplicationContext
2026-03-29T17:46:43.290+08:00  INFO 43446 --- [secondhand-trade] [           main] w.s.c.ServletWebServerApplicationContext : Root WebApplicationContext: initialization completed in 678 ms
2026-03-29T17:46:43.338+08:00  INFO 43446 --- [secondhand-trade] [           main] com.zaxxer.hikari.HikariDataSource       : HikariPool-1 - Starting...
2026-03-29T17:46:43.410+08:00  INFO 43446 --- [secondhand-trade] [           main] com.zaxxer.hikari.pool.HikariPool        : HikariPool-1 - Added connection conn0: url=jdbc:h2:mem:trade user=SA
2026-03-29T17:46:43.411+08:00  INFO 43446 --- [secondhand-trade] [           main] com.zaxxer.hikari.HikariDataSource       : HikariPool-1 - Start completed.
2026-03-29T17:46:43.414+08:00  INFO 43446 --- [secondhand-trade] [           main] o.s.b.a.h2.H2ConsoleAutoConfiguration    : H2 console available at '/h2-console'. Database available at 'jdbc:h2:mem:trade'
2026-03-29T17:46:43.478+08:00  INFO 43446 --- [secondhand-trade] [           main] o.hibernate.jpa.internal.util.LogHelper  : HHH000204: Processing PersistenceUnitInfo [name: default]
2026-03-29T17:46:43.495+08:00  INFO 43446 --- [secondhand-trade] [           main] org.hibernate.Version                    : HHH000412: Hibernate ORM core version 6.5.2.Final
2026-03-29T17:46:43.504+08:00  INFO 43446 --- [secondhand-trade] [           main] o.h.c.internal.RegionFactoryInitiator    : HHH000026: Second-level cache disabled
2026-03-29T17:46:43.590+08:00  INFO 43446 --- [secondhand-trade] [           main] o.s.o.j.p.SpringPersistenceUnitInfo      : No LoadTimeWeaver setup: ignoring JPA class transformer
2026-03-29T17:46:43.930+08:00  INFO 43446 --- [secondhand-trade] [           main] o.h.e.t.j.p.i.JtaPlatformInitiator       : HHH000489: No JTA platform available (set 'hibernate.transaction.jta.platform' to enable JTA platform integration)
2026-03-29T17:46:43.961+08:00  INFO 43446 --- [secondhand-trade] [           main] j.LocalContainerEntityManagerFactoryBean : Initialized JPA EntityManagerFactory for persistence unit 'default'
2026-03-29T17:46:44.123+08:00  INFO 43446 --- [secondhand-trade] [           main] o.s.d.j.r.query.QueryEnhancerFactory     : Hibernate is in classpath; If applicable, HQL parser will be used.
2026-03-29T17:46:44.351+08:00  INFO 43446 --- [secondhand-trade] [           main] eAuthenticationProviderManagerConfigurer : Global AuthenticationManager configured with AuthenticationProvider bean with name authenticationProvider
2026-03-29T17:46:44.351+08:00  WARN 43446 --- [secondhand-trade] [           main] r$InitializeUserDetailsManagerConfigurer : Global AuthenticationManager configured with an AuthenticationProvider bean. UserDetailsService beans will not be used for username/password login. Consider removing the AuthenticationProvider bean. Alternatively, consider using the UserDetailsService in a manually instantiated DaoAuthenticationProvider.
2026-03-29T17:46:44.679+08:00  WARN 43446 --- [secondhand-trade] [           main] JpaBaseConfiguration$JpaWebConfiguration : spring.jpa.open-in-view is enabled by default. Therefore, database queries may be performed during view rendering. Explicitly configure spring.jpa.open-in-view to disable this warning
2026-03-29T17:46:44.869+08:00  INFO 43446 --- [secondhand-trade] [           main] o.s.b.a.e.web.EndpointLinksResolver      : Exposing 3 endpoints beneath base path '/actuator'
2026-03-29T17:46:45.163+08:00  INFO 43446 --- [secondhand-trade] [           main] o.s.b.w.embedded.tomcat.TomcatWebServer  : Tomcat started on port 8081 (http) with context path '/'
2026-03-29T17:46:45.163+08:00  INFO 43446 --- [secondhand-trade] [           main] o.s.m.s.b.SimpleBrokerMessageHandler     : Starting...
2026-03-29T17:46:45.163+08:00  INFO 43446 --- [secondhand-trade] [           main] o.s.m.s.b.SimpleBrokerMessageHandler     : BrokerAvailabilityEvent[available=true, SimpleBrokerMessageHandler [org.springframework.messaging.simp.broker.DefaultSubscriptionRegistry@7a0d71d4]]
2026-03-29T17:46:45.164+08:00  INFO 43446 --- [secondhand-trade] [           main] o.s.m.s.b.SimpleBrokerMessageHandler     : Started.
2026-03-29T17:46:45.170+08:00  INFO 43446 --- [secondhand-trade] [           main] c.campus.trade.CampusTradeApplication    : Started CampusTradeApplication in 2.687 seconds (process running for 2.798)
2026-03-29T17:47:06.063+08:00  INFO 43446 --- [secondhand-trade] [nio-8081-exec-1] o.a.c.c.C.[Tomcat].[localhost].[/]       : Initializing Spring DispatcherServlet 'dispatcherServlet'
2026-03-29T17:47:06.064+08:00  INFO 43446 --- [secondhand-trade] [nio-8081-exec-1] o.s.web.servlet.DispatcherServlet        : Initializing Servlet 'dispatcherServlet'
2026-03-29T17:47:06.067+08:00  INFO 43446 --- [secondhand-trade] [nio-8081-exec-1] o.s.web.servlet.DispatcherServlet        : Completed initialization in 3 ms
2026-03-29T17:47:45.175+08:00  INFO 43446 --- [secondhand-trade] [MessageBroker-1] o.s.w.s.c.WebSocketMessageBrokerStats    : WebSocketSession[0 current WS(0)-HttpStream(0)-HttpPoll(0), 0 total, 0 closed abnormally (0 connect failure, 0 send limit, 0 transport error)], stompSubProtocol[processed CONNECT(0)-CONNECTED(0)-DISCONNECT(0)], stompBrokerRelay[null], inboundChannel[pool size = 0, active threads = 0, queued tasks = 0, completed tasks = 0], outboundChannel[pool size = 0, active threads = 0, queued tasks = 0, completed tasks = 0], sockJsScheduler[pool size = 1, active threads = 1, queued tasks = 0, completed tasks = 0]
2026-03-29T17:49:53.098+08:00  WARN 43446 --- [secondhand-trade] [nio-8081-exec-4] PageModule$PlainPageSerializationWarning : Serializing PageImpl instances as-is is not supported, meaning that there is no guarantee about the stability of the resulting JSON structure!
	For a stable JSON structure, please use Spring Data's PagedModel (globally via @EnableSpringDataWebSupport(pageSerializationMode = VIA_DTO))
	or Spring HATEOAS and Spring Data's PagedResourcesAssembler as documented in https://docs.spring.io/spring-data/commons/reference/repositories/core-extensions.html#core.web.pageables.

2026-03-29T18:17:45.186+08:00  INFO 43446 --- [secondhand-trade] [MessageBroker-1] o.s.w.s.c.WebSocketMessageBrokerStats    : WebSocketSession[0 current WS(0)-HttpStream(0)-HttpPoll(0), 0 total, 0 closed abnormally (0 connect failure, 0 send limit, 0 transport error)], stompSubProtocol[processed CONNECT(0)-CONNECTED(0)-DISCONNECT(0)], stompBrokerRelay[null], inboundChannel[pool size = 0, active threads = 0, queued tasks = 0, completed tasks = 0], outboundChannel[pool size = 0, active threads = 0, queued tasks = 0, completed tasks = 0], sockJsScheduler[pool size = 2, active threads = 1, queued tasks = 0, completed tasks = 1]
2026-03-29T18:47:45.241+08:00  INFO 43446 --- [secondhand-trade] [MessageBroker-2] o.s.w.s.c.WebSocketMessageBrokerStats    : WebSocketSession[0 current WS(0)-HttpStream(0)-HttpPoll(0), 0 total, 0 closed abnormally (0 connect failure, 0 send limit, 0 transport error)], stompSubProtocol[processed CONNECT(0)-CONNECTED(0)-DISCONNECT(0)], stompBrokerRelay[null], inboundChannel[pool size = 0, active threads = 0, queued tasks = 0, completed tasks = 0], outboundChannel[pool size = 0, active threads = 0, queued tasks = 0, completed tasks = 0], sockJsScheduler[pool size = 3, active threads = 1, queued tasks = 0, completed tasks = 2]
